# JRE version: OpenJDK Runtime Environment (11.0.10) (build 11.0.10+0-b96-7249189)
# Java VM: OpenJDK 64-Bit Server VM (11.0.10+0-b96-7249189, mixed mode, tiered, compressed oops, g1 gc, windows-amd64)
Heap:
 garbage-first heap   total 131072K, used 102054K [0x0000000080000000, 0x0000000100000000)
  region size 1024K, 5 young (5120K), 2 survivors (2048K)
 Metaspace       used 97550K, capacity 100459K, committed 100736K, reserved 1136640K
  class space    used 12509K, capacity 13550K, committed 13696K, reserved 1048576K
GC Heap History (20 events):
Event: 19.418 GC heap before
{Heap before GC invocations=34 (full 0):
 garbage-first heap   total 131072K, used 113070K [0x0000000080000000, 0x0000000100000000)
  region size 1024K, 22 young (22528K), 3 survivors (3072K)
 Metaspace       used 89341K, capacity 91983K, committed 92288K, reserved 1128448K
  class space    used 11597K, capacity 12573K, committed 12672K, reserved 1048576K
}
Event: 19.421 GC heap after
{Heap after GC invocations=35 (full 0):
 garbage-first heap   total 131072K, used 94771K [0x0000000080000000, 0x0000000100000000)
  region size 1024K, 3 young (3072K), 3 survivors (3072K)
 Metaspace       used 89341K, capacity 91983K, committed 92288K, reserved 1128448K
  class space    used 11597K, capacity 12573K, committed 12672K, reserved 1048576K
}
Event: 19.733 GC heap before
{Heap before GC invocations=35 (full 0):
 garbage-first heap   total 131072K, used 113203K [0x0000000080000000, 0x0000000100000000)
  region size 1024K, 21 young (21504K), 3 survivors (3072K)
 Metaspace       used 92524K, capacity 95411K, committed 95616K, reserved 1132544K
  class space    used 12053K, capacity 13133K, committed 13184K, reserved 1048576K
}
Event: 19.736 GC heap after
{Heap after GC invocations=36 (full 0):
 garbage-first heap   total 131072K, used 95554K [0x0000000080000000, 0x0000000100000000)
  region size 1024K, 2 young (2048K), 2 survivors (2048K)
 Metaspace       used 92524K, capacity 95411K, committed 95616K, reserved 1132544K
  class space    used 12053K, capacity 13133K, committed 13184K, reserved 1048576K
}
Event: 19.934 GC heap before
{Heap before GC invocations=37 (full 0):
 garbage-first heap   total 131072K, used 113986K [0x0000000080000000, 0x0000000100000000)
  region size 1024K, 20 young (20480K), 2 survivors (2048K)
 Metaspace       used 92690K, capacity 95164K, committed 96256K, reserved 1132544K
  class space    used 11956K, capacity 12902K, committed 13312K, reserved 1048576K
}
Event: 19.937 GC heap after
{Heap after GC invocations=38 (full 0):
 garbage-first heap   total 131072K, used 96723K [0x0000000080000000, 0x0000000100000000)
  region size 1024K, 2 young (2048K), 2 survivors (2048K)
 Metaspace       used 92690K, capacity 95164K, committed 96256K, reserved 1132544K
  class space    used 11956K, capacity 12902K, committed 13312K, reserved 1048576K
}
Event: 307.099 GC heap before
{Heap before GC invocations=38 (full 0):
 garbage-first heap   total 131072K, used 114131K [0x0000000080000000, 0x0000000100000000)
  region size 1024K, 19 young (19456K), 2 survivors (2048K)
 Metaspace       used 93773K, capacity 96437K, committed 97024K, reserved 1132544K
  class space    used 12082K, capacity 13065K, committed 13312K, reserved 1048576K
}
Event: 307.106 GC heap after
{Heap after GC invocations=39 (full 0):
 garbage-first heap   total 131072K, used 97430K [0x0000000080000000, 0x0000000100000000)
  region size 1024K, 2 young (2048K), 2 survivors (2048K)
 Metaspace       used 93773K, capacity 96437K, committed 97024K, reserved 1132544K
  class space    used 12082K, capacity 13065K, committed 13312K, reserved 1048576K
}
Event: 1220.097 GC heap before
{Heap before GC invocations=40 (full 0):
 garbage-first heap   total 131072K, used 113814K [0x0000000080000000, 0x0000000100000000)
  region size 1024K, 18 young (18432K), 2 survivors (2048K)
 Metaspace       used 93908K, capacity 96569K, committed 97024K, reserved 1132544K
  class space    used 12083K, capacity 13066K, committed 13312K, reserved 1048576K
}
Event: 1220.102 GC heap after
{Heap after GC invocations=41 (full 0):
 garbage-first heap   total 131072K, used 97452K [0x0000000080000000, 0x0000000100000000)
  region size 1024K, 1 young (1024K), 1 survivors (1024K)
 Metaspace       used 93908K, capacity 96569K, committed 97024K, reserved 1132544K
  class space    used 12083K, capacity 13066K, committed 13312K, reserved 1048576K
}
Event: 1723.679 GC heap before
{Heap before GC invocations=41 (full 0):
 garbage-first heap   total 131072K, used 113836K [0x0000000080000000, 0x0000000100000000)
  region size 1024K, 17 young (17408K), 1 survivors (1024K)
 Metaspace       used 94149K, capacity 96850K, committed 97280K, reserved 1132544K
  class space    used 12097K, capacity 13084K, committed 13312K, reserved 1048576K
}
Event: 1723.721 GC heap after
{Heap after GC invocations=42 (full 0):
 garbage-first heap   total 131072K, used 98762K [0x0000000080000000, 0x0000000100000000)
  region size 1024K, 3 young (3072K), 3 survivors (3072K)
 Metaspace       used 94149K, capacity 96850K, committed 97280K, reserved 1132544K
  class space    used 12097K, capacity 13084K, committed 13312K, reserved 1048576K
}
Event: 1726.239 GC heap before
{Heap before GC invocations=43 (full 0):
 garbage-first heap   total 131072K, used 112074K [0x0000000080000000, 0x0000000100000000)
  region size 1024K, 17 young (17408K), 3 survivors (3072K)
 Metaspace       used 94459K, capacity 97195K, committed 97536K, reserved 1134592K
  class space    used 12122K, capacity 13112K, committed 13312K, reserved 1048576K
}
Event: 1726.453 GC heap after
{Heap after GC invocations=44 (full 0):
 garbage-first heap   total 131072K, used 99788K [0x0000000080000000, 0x0000000100000000)
  region size 1024K, 3 young (3072K), 3 survivors (3072K)
 Metaspace       used 94459K, capacity 97195K, committed 97536K, reserved 1134592K
  class space    used 12122K, capacity 13112K, committed 13312K, reserved 1048576K
}
Event: 1732.731 GC heap before
{Heap before GC invocations=44 (full 0):
 garbage-first heap   total 131072K, used 113100K [0x0000000080000000, 0x0000000100000000)
  region size 1024K, 16 young (16384K), 3 survivors (3072K)
 Metaspace       used 95200K, capacity 97975K, committed 98432K, reserved 1134592K
  class space    used 12194K, capacity 13193K, committed 13440K, reserved 1048576K
}
Event: 1733.001 GC heap after
{Heap after GC invocations=45 (full 0):
 garbage-first heap   total 131072K, used 101648K [0x0000000080000000, 0x0000000100000000)
  region size 1024K, 2 young (2048K), 2 survivors (2048K)
 Metaspace       used 95200K, capacity 97975K, committed 98432K, reserved 1134592K
  class space    used 12194K, capacity 13193K, committed 13440K, reserved 1048576K
}
Event: 1738.481 GC heap before
{Heap before GC invocations=46 (full 0):
 garbage-first heap   total 131072K, used 112912K [0x0000000080000000, 0x0000000100000000)
  region size 1024K, 13 young (13312K), 2 survivors (2048K)
 Metaspace       used 95874K, capacity 98703K, committed 99072K, reserved 1134592K
  class space    used 12290K, capacity 13304K, committed 13568K, reserved 1048576K
}
Event: 1738.570 GC heap after
{Heap after GC invocations=47 (full 0):
 garbage-first heap   total 131072K, used 102657K [0x0000000080000000, 0x0000000100000000)
  region size 1024K, 2 young (2048K), 2 survivors (2048K)
 Metaspace       used 95874K, capacity 98703K, committed 99072K, reserved 1134592K
  class space    used 12290K, capacity 13304K, committed 13568K, reserved 1048576K
}
Event: 1739.621 GC heap before
{Heap before GC invocations=47 (full 0):
 garbage-first heap   total 131072K, used 106753K [0x0000000080000000, 0x0000000100000000)
  region size 1024K, 7 young (7168K), 2 survivors (2048K)
 Metaspace       used 96181K, capacity 98991K, committed 99328K, reserved 1134592K
  class space    used 12353K, capacity 13353K, committed 13568K, reserved 1048576K
}
Event: 1739.943 GC heap after
{Heap after GC invocations=48 (full 0):
 garbage-first heap   total 131072K, used 99239K [0x0000000080000000, 0x0000000100000000)
  region size 1024K, 1 young (1024K), 1 survivors (1024K)
 Metaspace       used 96181K, capacity 98991K, committed 99328K, reserved 1134592K
  class space    used 12353K, capacity 13353K, committed 13568K, reserved 1048576K
}

